[05:17:33] [main/INFO]: Environment: authHost='https://authserver.mojang.com', accountsHost='https://api.mojang.com', sessionHost='https://sessionserver.mojang.com', servicesHost='https://api.minecraftservices.com', name='PROD'
[05:17:34] [main/INFO]: Reloading ResourceManager: Default, bukkit
[05:17:36] [Worker-Main-1/INFO]: Loaded 7 recipes
[05:17:38] [Server thread/INFO]: Starting minecraft server version 1.16.5
[05:17:38] [Server thread/INFO]: Loading properties
[05:17:39] [Server thread/INFO]: This server is running Paper version git-Paper-631 (MC: 1.16.5) (Implementing API version 1.16.5-R0.1-SNAPSHOT)
[05:17:39] [Server thread/INFO]: Debug logging is disabled
[05:17:39] [Server thread/INFO]: Server Ping Player Sample Count: 12
[05:17:39] [Server thread/INFO]: Using 4 threads for Netty based IO
[05:17:39] [Server thread/INFO]: Default game type: SURVIVAL
[05:17:39] [Server thread/INFO]: Generating keypair
[05:17:39] [Server thread/INFO]: Starting Minecraft server on *:25565
[05:17:39] [Server thread/INFO]: Using epoll channel type
[05:17:39] [Server thread/INFO]: Server permissions file permissions.yml is empty, ignoring it
[05:17:39] [Server thread/INFO]: Preparing level "world"
[05:17:40] [Server thread/INFO]: Preparing start region for dimension minecraft:overworld
[05:17:41] [Server thread/INFO]: Preparing spawn area: 0%
[05:17:41] [Server thread/INFO]: Preparing spawn area: 0%
[05:17:41] [Server thread/INFO]: Preparing spawn area: 0%
[05:17:42] [Server thread/INFO]: Preparing spawn area: 5%
[05:17:42] [Server thread/INFO]: Preparing spawn area: 39%
[05:17:43] [Server thread/INFO]: Preparing spawn area: 63%
[05:17:43] [Server thread/INFO]: Preparing spawn area: 63%
[05:17:44] [Server thread/INFO]: Loaded 0 spawn chunks for world world
[05:17:44] [Server thread/INFO]: Time elapsed: 3583 ms
[05:17:44] [Server thread/INFO]: Preparing start region for dimension minecraft:the_nether
[05:17:44] [Server thread/INFO]: Preparing spawn area: 0%
[05:17:44] [Server thread/INFO]: Preparing spawn area: 20%
[05:17:45] [Server thread/INFO]: Preparing spawn area: 82%
[05:17:45] [Server thread/INFO]: Preparing spawn area: 100%
[05:17:46] [Worker-Main-1/INFO]: Preparing spawn area: 100%
[05:17:46] [Worker-Main-1/INFO]: Preparing spawn area: 100%
[05:17:47] [Worker-Main-1/INFO]: Preparing spawn area: 100%
[05:17:47] [Worker-Main-1/INFO]: Preparing spawn area: 100%
[05:17:48] [Worker-Main-1/INFO]: Preparing spawn area: 100%
[05:17:48] [Worker-Main-1/INFO]: Preparing spawn area: 100%
[05:17:49] [Worker-Main-1/INFO]: Preparing spawn area: 100%
[05:17:49] [Server thread/INFO]: Loaded 0 spawn chunks for world world_nether
[05:17:49] [Server thread/INFO]: Time elapsed: 5344 ms
[05:17:49] [Server thread/INFO]: Preparing start region for dimension minecraft:the_end
[05:17:49] [Server thread/INFO]: Preparing spawn area: 0%
[05:17:50] [Server thread/INFO]: Preparing spawn area: 29%
[05:17:50] [Server thread/INFO]: Preparing spawn area: 72%
[05:17:51] [Worker-Main-1/INFO]: Preparing spawn area: 100%
[05:17:51] [Worker-Main-1/INFO]: Preparing spawn area: 100%
[05:17:52] [Worker-Main-1/INFO]: Preparing spawn area: 100%
[05:17:52] [Worker-Main-1/INFO]: Preparing spawn area: 100%
[05:17:53] [Worker-Main-1/INFO]: Preparing spawn area: 100%
[05:17:53] [Server thread/INFO]: Loaded 0 spawn chunks for world world_the_end
[05:17:53] [Server thread/INFO]: Time elapsed: 3790 ms
[05:17:53] [Server thread/INFO]: Running delayed init tasks
[05:17:53] [Server thread/INFO]: Done (14.645s)! For help, type "help"
[05:17:53] [Server thread/INFO]: Timings Reset
[05:17:57] [Server thread/INFO]: Unknown command. Type "/help" for help.
[05:18:02] [Server thread/INFO]: --------- Help: Index ---------------------------
[05:18:02] [Server thread/INFO]: Use /help [n] to get page n of help.
[05:18:02] [Server thread/INFO]: Aliases: Lists command aliases
[05:18:02] [Server thread/INFO]: Bukkit: All commands for Bukkit
[05:18:02] [Server thread/INFO]: Minecraft: All commands for Minecraft
[05:18:02] [Server thread/INFO]: /advancement: A Mojang provided command.
[05:18:02] [Server thread/INFO]: /attribute: A Mojang provided command.
[05:18:02] [Server thread/INFO]: /ban: A Mojang provided command.
[05:18:02] [Server thread/INFO]: /ban-ip: A Mojang provided command.
[05:18:02] [Server thread/INFO]: /banlist: A Mojang provided command.
[05:18:02] [Server thread/INFO]: /bossbar: A Mojang provided command.
[05:18:02] [Server thread/INFO]: /clear: A Mojang provided command.
[05:18:02] [Server thread/INFO]: /clone: A Mojang provided command.
[05:18:02] [Server thread/INFO]: /data: A Mojang provided command.
[05:18:02] [Server thread/INFO]: /datapack: A Mojang provided command.
[05:18:02] [Server thread/INFO]: /debug: A Mojang provided command.
[05:18:02] [Server thread/INFO]: /defaultgamemode: A Mojang provided command.
[05:18:02] [Server thread/INFO]: /deop: A Mojang provided command.
[05:18:02] [Server thread/INFO]: /difficulty: A Mojang provided command.
[05:18:02] [Server thread/INFO]: /effect: A Mojang provided command.
[05:18:02] [Server thread/INFO]: /enchant: A Mojang provided command.
[05:18:02] [Server thread/INFO]: /execute: A Mojang provided command.
[05:18:02] [Server thread/INFO]: /experience: A Mojang provided command.
[05:18:02] [Server thread/INFO]: /fill: A Mojang provided command.
[05:18:02] [Server thread/INFO]: /forceload: A Mojang provided command.
[05:18:02] [Server thread/INFO]: /function: A Mojang provided command.
[05:18:02] [Server thread/INFO]: /gamemode: A Mojang provided command.
[05:18:02] [Server thread/INFO]: /gamerule: A Mojang provided command.
[05:18:02] [Server thread/INFO]: /give: A Mojang provided command.
[05:18:02] [Server thread/INFO]: /help: Shows the help menu
[05:18:02] [Server thread/INFO]: /kick: A Mojang provided command.
[05:18:02] [Server thread/INFO]: /kill: A Mojang provided command.
[05:18:02] [Server thread/INFO]: /list: A Mojang provided command.
[05:18:02] [Server thread/INFO]: /locate: A Mojang provided command.
[05:18:02] [Server thread/INFO]: /locatebiome: A Mojang provided command.
[05:18:02] [Server thread/INFO]: /loot: A Mojang provided command.
[05:18:02] [Server thread/INFO]: /me: A Mojang provided command.
[05:18:02] [Server thread/INFO]: /minecraft:help: A Mojang provided command.
[05:18:02] [Server thread/INFO]: /minecraft:reload: A Mojang provided command.
[05:18:02] [Server thread/INFO]: /msg: A Mojang provided command.
[05:18:02] [Server thread/INFO]: /mspt: View server tick times
[05:18:02] [Server thread/INFO]: /op: A Mojang provided command.
[05:18:02] [Server thread/INFO]: /paper: Paper related commands
[05:18:02] [Server thread/INFO]: /pardon: A Mojang provided command.
[05:18:02] [Server thread/INFO]: /pardon-ip: A Mojang provided command.
[05:18:02] [Server thread/INFO]: /particle: A Mojang provided command.
[05:18:02] [Server thread/INFO]: /playsound: A Mojang provided command.
[05:18:02] [Server thread/INFO]: /plugins: Gets a list of plugins running on the server
[05:18:02] [Server thread/INFO]: /recipe: A Mojang provided command.
[05:18:02] [Server thread/INFO]: /reload: Reloads the server configuration and plugins
[05:18:02] [Server thread/INFO]: /replaceitem: A Mojang provided command.
[05:18:02] [Server thread/INFO]: /restart: Restarts the server
[05:18:02] [Server thread/INFO]: /save-all: A Mojang provided command.
[05:18:02] [Server thread/INFO]: /save-off: A Mojang provided command.
[05:18:02] [Server thread/INFO]: /save-on: A Mojang provided command.
[05:18:02] [Server thread/INFO]: /say: A Mojang provided command.
[05:18:02] [Server thread/INFO]: /schedule: A Mojang provided command.
[05:18:02] [Server thread/INFO]: /scoreboard: A Mojang provided command.
[05:18:02] [Server thread/INFO]: /seed: A Mojang provided command.
[05:18:02] [Server thread/INFO]: /setblock: A Mojang provided command.
[05:18:02] [Server thread/INFO]: /setidletimeout: A Mojang provided command.
[05:18:02] [Server thread/INFO]: /setworldspawn: A Mojang provided command.
[05:18:02] [Server thread/INFO]: /spawnpoint: A Mojang provided command.
[05:18:02] [Server thread/INFO]: /spectate: A Mojang provided command.
[05:18:02] [Server thread/INFO]: /spigot: Spigot related commands
[05:18:02] [Server thread/INFO]: /spreadplayers: A Mojang provided command.
[05:18:02] [Server thread/INFO]: /stop: A Mojang provided command.
[05:18:02] [Server thread/INFO]: /stopsound: A Mojang provided command.
[05:18:02] [Server thread/INFO]: /summon: A Mojang provided command.
[05:18:02] [Server thread/INFO]: /tag: A Mojang provided command.
[05:18:02] [Server thread/INFO]: /team: A Mojang provided command.
[05:18:02] [Server thread/INFO]: /teammsg: A Mojang provided command.
[05:18:02] [Server thread/INFO]: /teleport: A Mojang provided command.
[05:18:02] [Server thread/INFO]: /tell: A Mojang provided command.
[05:18:02] [Server thread/INFO]: /tellraw: A Mojang provided command.
[05:18:02] [Server thread/INFO]: /time: A Mojang provided command.
[05:18:02] [Server thread/INFO]: /timings: Manages Spigot Timings data to see performance of the server.
[05:18:02] [Server thread/INFO]: /title: A Mojang provided command.
[05:18:02] [Server thread/INFO]: /tm: A Mojang provided command.
[05:18:02] [Server thread/INFO]: /tp: A Mojang provided command.
[05:18:02] [Server thread/INFO]: /tps: Gets the current ticks per second for the server
[05:18:02] [Server thread/INFO]: /trigger: A Mojang provided command.
[05:18:02] [Server thread/INFO]: /version: Gets the version of this server including any plugins in use
[05:18:02] [Server thread/INFO]: /w: A Mojang provided command.
[05:18:02] [Server thread/INFO]: /weather: A Mojang provided command.
[05:18:02] [Server thread/INFO]: /whitelist: A Mojang provided command.
[05:18:02] [Server thread/INFO]: /worldborder: A Mojang provided command.
[05:18:02] [Server thread/INFO]: /xp: A Mojang provided command.
[05:24:53] [Server thread/INFO]: CONSOLE: Are you sure you wish to reload your server? Doing so may cause bugs and memory leaks. It is recommended to restart instead of using /reload. To confirm, please type /reload confirm
[05:24:59] [Server thread/INFO]: CONSOLE: Please note that this command is not supported and may cause issues when using some plugins.
[05:24:59] [Server thread/INFO]: CONSOLE: If you encounter any issues please use the /stop command to restart your server.
[05:24:59] [Server thread/INFO]: Debug logging is disabled
[05:24:59] [Server thread/INFO]: Server Ping Player Sample Count: 12
[05:24:59] [Server thread/INFO]: Using 4 threads for Netty based IO
[05:24:59] [Server thread/INFO]: Reloading ResourceManager: Default, bukkit
[05:25:00] [Server thread/INFO]: Loaded 7 recipes
[05:25:02] [Server thread/INFO]: Reloading ResourceManager: Default, bukkit
[05:25:02] [Server thread/INFO]: Loaded 7 recipes
[05:25:03] [Server thread/INFO]: Server permissions file permissions.yml is empty, ignoring it
[05:25:03] [Server thread/INFO]: CONSOLE: Reload complete.
[05:25:03] [Server thread/INFO]: Saving the game (this may take a moment!)
[05:25:04] [Server thread/INFO]: Saved the game
[05:25:04] [Server thread/INFO]: Timings Reset
[05:25:08] [User Authenticator #1/INFO]: UUID of player HanLo is 75cb6361-3a8b-4ad5-b340-db66b7bc7c16
[05:25:08] [Server thread/INFO]: HanLo joined the game
[05:25:08] [Server thread/INFO]: HanLo[/183.103.73.100:60246] logged in with entity id 294 at ([world]-1671.4766442273499, 69.92707967974124, 739.3169139069051)
[05:25:10] [Async Chat Thread - #0/INFO]: <HanLo> sdfa
[05:29:46] [Server thread/INFO]: HanLo lost connection: Disconnected
[05:29:46] [Server thread/INFO]: HanLo left the game
[05:37:25] [Server thread/INFO]: CONSOLE: Please note that this command is not supported and may cause issues when using some plugins.
[05:37:25] [Server thread/INFO]: CONSOLE: If you encounter any issues please use the /stop command to restart your server.
[05:37:25] [Server thread/INFO]: Debug logging is disabled
[05:37:25] [Server thread/INFO]: Server Ping Player Sample Count: 12
[05:37:25] [Server thread/INFO]: Using 4 threads for Netty based IO
[05:37:25] [Server thread/INFO]: Reloading ResourceManager: Default, bukkit
[05:37:26] [Server thread/INFO]: Loaded 7 recipes
[05:37:27] [Server thread/INFO]: Reloading ResourceManager: Default, bukkit
[05:37:27] [Server thread/INFO]: Loaded 7 recipes
[05:37:28] [Server thread/INFO]: [ClearLag] Loading ClearLag v3.2.2
[05:37:28] [Server thread/INFO]: Server permissions file permissions.yml is empty, ignoring it
[05:37:28] [Server thread/INFO]: [ClearLag] Enabling ClearLag v3.2.2
[05:37:28] [Server thread/INFO]: [ClearLag] Using version-adapter: LatestVersionAdapter
[05:37:28] [Server thread/INFO]: [ClearLag] Config not found. Generating default config...
[05:37:28] [Server thread/INFO]: [ClearLag] Loading modules...
[05:37:28] [Server thread/INFO]: [ClearLag] Modules enabed, loading config values
[05:37:28] [Server thread/INFO]: [ClearLag] Modules have been loaded!
[05:37:28] [Server thread/INFO]: [ClearLag] Clearlag is now enabled!
[05:37:29] [Thread-6/INFO]: [ClearLag] Checking for updates compatible with your bukkit version [1.16]...
[05:37:29] [Server thread/INFO]: CONSOLE: Reload complete.
[05:37:29] [Server thread/INFO]: Timings Reset
[05:37:30] [Thread-6/INFO]: [ClearLag] No updates found!
[05:42:06] [Server thread/INFO]: CONSOLE: Please note that this command is not supported and may cause issues when using some plugins.
[05:42:06] [Server thread/INFO]: CONSOLE: If you encounter any issues please use the /stop command to restart your server.
[05:42:06] [Server thread/INFO]: Debug logging is disabled
[05:42:06] [Server thread/INFO]: Server Ping Player Sample Count: 12
[05:42:06] [Server thread/INFO]: Using 4 threads for Netty based IO
[05:42:06] [Server thread/INFO]: [ClearLag] Disabling ClearLag v3.2.2
[05:42:06] [Server thread/INFO]: [ClearLag] Clearlag is now disabled!
[05:42:06] [Server thread/INFO]: Reloading ResourceManager: Default, bukkit
[05:42:07] [Server thread/INFO]: Loaded 7 recipes
[05:42:08] [Server thread/INFO]: Reloading ResourceManager: Default, bukkit
[05:42:08] [Server thread/INFO]: Loaded 7 recipes
[05:42:09] [Server thread/INFO]: [ClearLag] Loading ClearLag v3.2.2
[05:42:09] [Server thread/INFO]: Server permissions file permissions.yml is empty, ignoring it
[05:42:09] [Server thread/INFO]: [ClearLag] Enabling ClearLag v3.2.2
[05:42:09] [Server thread/INFO]: [ClearLag] Using version-adapter: LatestVersionAdapter
[05:42:10] [Server thread/INFO]: [ClearLag] Loading modules...
[05:42:10] [Server thread/INFO]: [ClearLag] Modules enabed, loading config values
[05:42:10] [Server thread/INFO]: [ClearLag] Modules have been loaded!
[05:42:10] [Server thread/INFO]: [ClearLag] Clearlag is now enabled!
[05:42:10] [Thread-7/INFO]: [ClearLag] Checking for updates compatible with your bukkit version [1.16]...
[05:42:10] [Server thread/INFO]: CONSOLE: Reload complete.
[05:42:10] [Server thread/INFO]: Timings Reset
[05:42:11] [Thread-7/INFO]: [ClearLag] No updates found!
[05:43:37] [User Authenticator #2/INFO]: UUID of player HanLo is 75cb6361-3a8b-4ad5-b340-db66b7bc7c16
[05:43:37] [Server thread/INFO]: HanLo joined the game
[05:43:37] [Server thread/INFO]: HanLo[/183.103.73.100:64614] logged in with entity id 965 at ([world]-1671.300000011921, 69.5625, 738.3000000119209)
[05:51:03] [User Authenticator #3/INFO]: UUID of player potora43384338 is 33ec93f5-d52b-46aa-8b77-396623610e1a
[05:51:03] [Server thread/INFO]: potora43384338 joined the game
[05:51:03] [Server thread/INFO]: potora43384338[/118.47.4.225:63521] logged in with entity id 2239 at ([world]-1670.5, 69.875, 739.5)
[05:52:24] [Async Chat Thread - #1/INFO]: <HanLo> 횃불
[05:52:30] [Async Chat Thread - #1/INFO]: <HanLo> 만들어놓은거없지?
[05:52:37] [Async Chat Thread - #1/INFO]: <HanLo> 잇네
[05:52:41] [User Authenticator #4/INFO]: UUID of player StoriesAzusa is 27c87a0c-3534-4c61-9f54-438fd9a01286
[05:52:42] [Server thread/INFO]: StoriesAzusa joined the game
[05:52:42] [Server thread/INFO]: StoriesAzusa[/121.174.205.21:62821] logged in with entity id 2407 at ([world]-1670.5, 69.875, 739.5)
[05:52:53] [Async Chat Thread - #1/INFO]: <HanLo> 뭐고
[05:52:56] [Async Chat Thread - #1/INFO]: <HanLo> 잘못설정됐나
[05:53:00] [Async Chat Thread - #1/INFO]: <HanLo> 6360초 뒤에 사라지면
[05:53:07] [Async Chat Thread - #1/INFO]: <HanLo> 2시간 뒤아님?
[05:55:01] [Server thread/INFO]: StoriesAzusa has made the advancement [Into Fire]
[05:55:05] [Server thread/INFO]: Saving the game (this may take a moment!)
[05:55:06] [Server thread/INFO]: Saved the game
[05:55:09] [Async Chat Thread - #2/INFO]: <HanLo> 리로드좀함
[05:55:13] [Server thread/INFO]: HanLo: Please note that this command is not supported and may cause issues when using some plugins.
[05:55:13] [Server thread/INFO]: HanLo: If you encounter any issues please use the /stop command to restart your server.
[05:55:13] [Server thread/INFO]: Debug logging is disabled
[05:55:13] [Server thread/INFO]: Server Ping Player Sample Count: 12
[05:55:13] [Server thread/INFO]: Using 4 threads for Netty based IO
[05:55:13] [Server thread/INFO]: [ClearLag] Disabling ClearLag v3.2.2
[05:55:13] [Server thread/INFO]: [ClearLag] Clearlag is now disabled!
[05:55:13] [Server thread/INFO]: Reloading ResourceManager: Default, bukkit
[05:55:13] [Server thread/INFO]: Loaded 7 recipes
[05:55:14] [Server thread/WARN]: potora43384338 moved too quickly! 2.0477941150898005,0.2641593272717273,-10.747781480509275
[05:55:14] [Server thread/INFO]: Reloading ResourceManager: Default, bukkit
[05:55:15] [Server thread/WARN]: potora43384338 moved too quickly! 2.1984748272695924,0.2641593272717273,-10.544726771450087
[05:55:15] [Server thread/WARN]: potora43384338 moved too quickly! 2.1984748272695924,0.2641593272717273,-10.544726771450087
[05:55:15] [Server thread/WARN]: potora43384338 moved too quickly! 2.1984748272695924,0.2641593272717273,-10.544726771450087
[05:55:15] [Server thread/WARN]: potora43384338 moved too quickly! 2.1984748272695924,0.2641593272717273,-10.544726771450087
[05:55:15] [Server thread/WARN]: potora43384338 moved too quickly! 2.1984748272695924,0.2641593272717273,-10.544726771450087
[05:55:15] [Server thread/WARN]: potora43384338 moved too quickly! 2.1984748272695924,0.2641593272717273,-10.544726771450087
[05:55:15] [Server thread/WARN]: potora43384338 moved too quickly! 2.1984748272695924,0.2641593272717273,-10.544726771450087
[05:55:15] [Server thread/WARN]: potora43384338 moved too quickly! 2.1984748272695924,0.2641593272717273,-10.544726771450087
[05:55:15] [Server thread/WARN]: potora43384338 moved too quickly! 2.1984748272695924,0.2641593272717273,-10.544726771450087
[05:55:15] [Server thread/WARN]: potora43384338 moved too quickly! 2.1984748272695924,0.2641593272717273,-10.544726771450087
[05:55:15] [Server thread/WARN]: potora43384338 moved too quickly! 2.1984748272695924,0.2641593272717273,-10.544726771450087
[05:55:15] [Server thread/WARN]: potora43384338 moved too quickly! 2.1984748272695924,0.2641593272717273,-10.544726771450087
[05:55:15] [Server thread/WARN]: potora43384338 moved too quickly! 2.1984748272695924,0.2641593272717273,-10.544726771450087
[05:55:15] [Server thread/WARN]: potora43384338 moved too quickly! 2.1984748272695924,0.2641593272717273,-10.544726771450087
[05:55:15] [Server thread/WARN]: potora43384338 moved too quickly! 2.1984748272695924,0.2641593272717273,-10.544726771450087
[05:55:15] [Server thread/WARN]: potora43384338 moved too quickly! 2.1984748272695924,0.2641593272717273,-10.544726771450087
[05:55:15] [Server thread/WARN]: potora43384338 moved too quickly! 2.1984748272695924,0.2641593272717273,-10.544726771450087
[05:55:15] [Server thread/WARN]: potora43384338 moved too quickly! 2.1984748272695924,0.2641593272717273,-10.544726771450087
[05:55:15] [Server thread/WARN]: potora43384338 moved too quickly! 2.1984748272695924,0.2641593272717273,-10.544726771450087
[05:55:15] [Server thread/WARN]: potora43384338 moved too quickly! 2.1984748272695924,0.2641593272717273,-10.544726771450087
[05:55:15] [Server thread/WARN]: potora43384338 moved too quickly! 2.1984748272695924,0.2641593272717273,-10.544726771450087
[05:55:15] [Server thread/WARN]: potora43384338 moved too quickly! 2.1984748272695924,0.2641593272717273,-10.544726771450087
[05:55:15] [Server thread/INFO]: Loaded 7 recipes
[05:55:15] [Server thread/WARN]: potora43384338 moved too quickly! 2.1984748272695924,0.2641593272717273,-10.544726771450087
[05:55:15] [Server thread/WARN]: potora43384338 moved too quickly! 2.1984748272695924,0.2641593272717273,-10.544726771450087
[05:55:15] [Server thread/WARN]: potora43384338 moved too quickly! 2.1984748272695924,0.2641593272717273,-10.544726771450087
[05:55:16] [Server thread/INFO]: [ClearLag] Loading ClearLag v3.2.2
[05:55:16] [Server thread/INFO]: Server permissions file permissions.yml is empty, ignoring it
[05:55:16] [Server thread/INFO]: [ClearLag] Enabling ClearLag v3.2.2
[05:55:16] [Server thread/INFO]: [ClearLag] Using version-adapter: LatestVersionAdapter
[05:55:16] [Server thread/INFO]: [ClearLag] Loading modules...
[05:55:16] [Server thread/INFO]: [ClearLag] Modules enabed, loading config values
[05:55:16] [Server thread/INFO]: [ClearLag] Modules have been loaded!
[05:55:16] [Server thread/INFO]: [ClearLag] Clearlag is now enabled!
[05:55:16] [Thread-10/INFO]: [ClearLag] Checking for updates compatible with your bukkit version [1.16]...
[05:55:16] [Server thread/INFO]: HanLo: Reload complete.
[05:55:16] [Server thread/INFO]: Timings Reset
[05:55:16] [Server thread/WARN]: potora43384338 moved too quickly! 2.1984748272695924,0.2641593272717273,-10.544726771450087
[05:55:17] [Thread-10/INFO]: [ClearLag] No updates found!
[05:55:25] [Async Chat Thread - #2/INFO]: <HanLo> ㅇㅇ
[05:55:26] [Async Chat Thread - #2/INFO]: <HanLo> 리로드하면
[05:55:28] [Async Chat Thread - #2/INFO]: <HanLo> 렉걸림
[06:00:55] [Async Chat Thread - #3/INFO]: <HanLo> 이제 좀비
[06:00:56] [Async Chat Thread - #3/INFO]: <HanLo> 나무문 부순다
[06:00:59] [Async Chat Thread - #3/INFO]: <HanLo> 난이도 하드라서
[06:01:33] [Async Chat Thread - #3/INFO]: <HanLo> 비닐하우스아님?
[06:03:50] [Async Chat Thread - #4/INFO]: <HanLo> 마지막 리로드 함만더함
[06:03:55] [Server thread/INFO]: HanLo: Please note that this command is not supported and may cause issues when using some plugins.
[06:03:55] [Server thread/INFO]: HanLo: If you encounter any issues please use the /stop command to restart your server.
[06:03:55] [Server thread/INFO]: Debug logging is disabled
[06:03:55] [Server thread/INFO]: Server Ping Player Sample Count: 12
[06:03:55] [Server thread/INFO]: Using 4 threads for Netty based IO
[06:03:55] [Server thread/INFO]: [ClearLag] Disabling ClearLag v3.2.2
[06:03:55] [Server thread/INFO]: [ClearLag] Clearlag is now disabled!
[06:03:55] [Server thread/INFO]: Reloading ResourceManager: Default, bukkit
[06:03:56] [Server thread/INFO]: Loaded 7 recipes
[06:03:57] [Server thread/INFO]: Reloading ResourceManager: Default, bukkit
[06:03:57] [Server thread/INFO]: Loaded 7 recipes
[06:03:58] [Server thread/INFO]: [ClearLag] Loading ClearLag v3.2.2
[06:03:58] [Server thread/INFO]: Server permissions file permissions.yml is empty, ignoring it
[06:03:58] [Server thread/INFO]: [ClearLag] Enabling ClearLag v3.2.2
[06:03:58] [Server thread/INFO]: [ClearLag] Using version-adapter: LatestVersionAdapter
[06:03:58] [Server thread/INFO]: [ClearLag] Loading modules...
[06:03:58] [Server thread/INFO]: [ClearLag] Modules enabed, loading config values
[06:03:58] [Server thread/INFO]: [ClearLag] Modules have been loaded!
[06:03:58] [Server thread/INFO]: [ClearLag] Clearlag is now enabled!
[06:03:58] [Thread-12/INFO]: [ClearLag] Checking for updates compatible with your bukkit version [1.16]...
[06:03:58] [Server thread/INFO]: HanLo: Reload complete.
[06:03:58] [Server thread/INFO]: Timings Reset
[06:03:59] [Thread-12/INFO]: [ClearLag] No updates found!
[06:05:04] [Async Chat Thread - #5/INFO]: <HanLo> 그냥 크리퍼 터지는거임
[06:05:10] [Server thread/INFO]: HanLo was blown up by Creeper
[06:05:15] [Async Chat Thread - #5/INFO]: <HanLo> 내가터졌네
[06:07:06] [Async Chat Thread - #6/INFO]: <HanLo> 인챈트활
[06:07:09] [Async Chat Thread - #6/INFO]: <HanLo> 개아프네
[06:07:15] [Async Chat Thread - #6/INFO]: <HanLo> 철갑입으니까
[06:07:31] [Async Chat Thread - #6/INFO]: <HanLo> 하드는
[06:07:33] [Async Chat Thread - #6/INFO]: <HanLo> 들고다니밈
[06:07:36] [Async Chat Thread - #6/INFO]: <HanLo> 좀비도
[06:07:39] [Async Chat Thread - #6/INFO]: <HanLo> 인챈검 들고다니고
[06:10:08] [Async Chat Thread - #7/INFO]: <HanLo> 골렘죽었나보네
[06:10:12] [Server thread/INFO]: StoriesAzusa has made the advancement [Local Brewery]
[06:10:19] [Async Chat Thread - #7/INFO]: <HanLo> 꽃이랑 철 떨어짐
[06:10:51] [Async Chat Thread - #7/INFO]: <HanLo> 양봉장은
[06:10:52] [Async Chat Thread - #7/INFO]: <HanLo> 언제만든거냐
[06:12:49] [Async Chat Thread - #8/INFO]: <HanLo> 렉이 덜걸리긴하네
[06:13:46] [Async Chat Thread - #8/INFO]: <HanLo> 그건 사실
[06:13:51] [Async Chat Thread - #8/INFO]: <HanLo> 내가 관전을 연속으로 옮겨서 그럼
[06:20:25] [Async Chat Thread - #9/INFO]: <HanLo> 레이드했었음?
[06:20:31] [Async Chat Thread - #9/INFO]: <HanLo> 변절자
[06:20:44] [Async Chat Thread - #9/INFO]: <HanLo> 불길한현수막 있낄래
[06:20:58] [Async Chat Thread - #9/INFO]: <HanLo> 약탈자 나오고
[06:20:59] [Async Chat Thread - #9/INFO]: <HanLo> ㅇㅇ
[06:22:03] [Async Chat Thread - #10/INFO]: <HanLo> 네더와트도
[06:22:05] [Async Chat Thread - #10/INFO]: <HanLo> 밝기 관여하나?
[06:22:10] [Async Chat Thread - #10/INFO]: <HanLo> 속도
[06:23:06] [Async Chat Thread - #10/INFO]: <HanLo> 네더와트 지하에 있으니까 찾아가셈
[06:27:36] [Server thread/INFO]: HanLo was slain by Enderman
[06:27:40] [Async Chat Thread - #11/INFO]: <HanLo> 저런
[06:29:44] [Async Chat Thread - #12/INFO]: <HanLo> 농작물어디꺼캐면되냐
[06:31:03] [Async Chat Thread - #13/INFO]: <HanLo> 이미 사탕수수는
[06:31:05] [Async Chat Thread - #13/INFO]: <HanLo> 제분하고있음
[06:32:35] [Async Chat Thread - #14/INFO]: <HanLo> 월급은
[06:32:38] [Async Chat Thread - #14/INFO]: <HanLo> 얼마나주시나요
[06:42:51] [Async Chat Thread - #15/INFO]: <HanLo> 뭐함
[06:44:46] [User Authenticator #5/INFO]: UUID of player RIONBIT is 87ccf4b9-0e53-4535-ab7d-41a55f65c15f
[06:44:46] [Server thread/INFO]: RIONBIT joined the game
[06:44:46] [Server thread/INFO]: RIONBIT[/125.182.228.50:57448] logged in with entity id 23209 at ([world]-1670.5, 69.875, 739.5)
[06:45:10] [Server thread/INFO]: RIONBIT has made the advancement [Take Aim]
[06:45:30] [Async Chat Thread - #16/INFO]: <HanLo> 시간남으면
[06:45:32] [Async Chat Thread - #16/INFO]: <HanLo> 이쪽 개척하실분
[06:45:38] [Async Chat Thread - #16/INFO]: <HanLo> 횃불좀
[06:45:39] [Async Chat Thread - #16/INFO]: <HanLo> 같이박아주셈
[06:45:44] [Async Chat Thread - #16/INFO]: <HanLo> 저쪽에
[06:45:46] [Async Chat Thread - #16/INFO]: <HanLo> 나무다심을거
[06:47:28] [Async Chat Thread - #17/INFO]: <HanLo> 무너ㅑ
[06:47:29] [Async Chat Thread - #17/INFO]: <HanLo> 뭐냐
[06:47:31] [Async Chat Thread - #17/INFO]: <HanLo> 주민좀비 있는데?
[06:47:44] [Async Chat Thread - #17/INFO]: <HanLo> 이미뒤짐
[06:48:15] [Server thread/INFO]: potora43384338 has made the advancement [Fishy Business]
[06:51:08] [Async Chat Thread - #18/INFO]: <HanLo> 그거
[06:51:09] [Async Chat Thread - #18/INFO]: <HanLo> 상자에
[06:51:12] [Async Chat Thread - #18/INFO]: <HanLo> 용암바켓 있음
[06:51:27] [Async Chat Thread - #18/INFO]: <HanLo> 선인장
[06:51:29] [Async Chat Thread - #18/INFO]: <HanLo> 있잖아
[06:56:49] [Async Chat Thread - #19/INFO]: <HanLo> 고나상
[06:56:58] [Async Chat Thread - #19/INFO]: <HanLo> 관상용이나
[06:57:04] [Async Chat Thread - #19/INFO]: <HanLo> 양동이에 빠뜨릴수있음 ㅋㅋ
[06:57:21] [Async Chat Thread - #19/INFO]: <HanLo> 수중 호흡의 물약으로
[06:57:22] [Async Chat Thread - #19/INFO]: <HanLo> 만들수있네
[06:57:47] [Async Chat Thread - #19/INFO]: <HanLo> 복어는
[06:57:50] [Async Chat Thread - #19/INFO]: <HanLo> 복어양동이는
[06:57:56] [Async Chat Thread - #19/INFO]: <HanLo> 그냥 물양동이에 복어 누르면됨
[06:58:02] [Async Chat Thread - #19/INFO]: <HanLo> 아니면 빈양동이나
[06:58:43] [Async Chat Thread - #19/INFO]: <HanLo> 하나도필요없음 ㅋㅋㅋ
[06:58:48] [Async Chat Thread - #19/INFO]: <HanLo> 효율로 할수있는게 없음
[06:58:56] [Async Chat Thread - #19/INFO]: <HanLo> 행운도 할거업음
[06:59:02] [Async Chat Thread - #19/INFO]: <HanLo> 걔는 내구성이
[06:59:43] [Async Chat Thread - #19/INFO]: <HanLo> 소울스톤좀
[06:59:45] [Async Chat Thread - #19/INFO]: <HanLo> 소울샌드좀
[06:59:46] [Async Chat Thread - #19/INFO]: <HanLo> 깔아줘
[07:00:14] [Async Chat Thread - #19/INFO]: <HanLo> 소울샌드가 없냐 왜
[07:00:37] [Async Chat Thread - #19/INFO]: <HanLo> 그거내가 다캠
[07:02:20] [Async Chat Thread - #20/INFO]: <HanLo> 회가 맛있지
[07:03:21] [Async Chat Thread - #21/INFO]: <HanLo> 우리청금석
[07:03:22] [Async Chat Thread - #21/INFO]: <HanLo> 어디다둠
[07:03:26] [Async Chat Thread - #21/INFO]: <HanLo> 여깃네
[07:04:03] [Async Chat Thread - #21/INFO]: <HanLo> 62개나 떨어져있었네
[07:04:05] [Async Chat Thread - #21/INFO]: <HanLo> 3
[07:04:12] [Async Chat Thread - #21/INFO]: <HanLo> 30업하면
[07:04:17] [Async Chat Thread - #21/INFO]: <HanLo> 3짜리 만들수있는데
[07:04:18] [Async Chat Thread - #21/INFO]: <HanLo> 쉬벌
[07:04:47] [Async Chat Thread - #21/INFO]: <HanLo> 갑바가없음
[07:05:14] [Server thread/INFO]: RIONBIT has made the advancement [We Need to Go Deeper]
[07:06:45] [Server thread/INFO]: HanLo has made the advancement [Enchanter]
[07:06:54] [Async Chat Thread - #22/INFO]: <HanLo> 내구 1 돌렸는ㄷ
[07:06:56] [Async Chat Thread - #22/INFO]: <HanLo> 효율2가 붙어나오네
[07:06:59] [Async Chat Thread - #22/INFO]: <HanLo> 개꿀 ㅋ
[07:08:10] [Async Chat Thread - #23/INFO]: <HanLo> 밴시나오네
[07:08:19] [Async Chat Thread - #23/INFO]: <HanLo> 자야됨
[07:08:45] [Async Chat Thread - #23/INFO]: <HanLo> 렙업해야함
[07:17:05] [Async Chat Thread - #24/INFO]: <HanLo> 석영 무지달다
[07:24:58] [Async Chat Thread - #25/INFO]: <HanLo> 잠을잡시다
[07:33:44] [Async Chat Thread - #26/INFO]: <HanLo> 이제 표지판
[07:33:47] [Async Chat Thread - #26/INFO]: <HanLo> 물안막히네 ㄷㄷ
[07:35:56] [Async Chat Thread - #27/INFO]: <HanLo> 보물
[07:36:03] [Async Chat Thread - #27/INFO]: <HanLo> 거래하는거임
[07:36:13] [Async Chat Thread - #27/INFO]: <HanLo> 에메랄드줌
[07:38:09] [Async Chat Thread - #28/INFO]: <HanLo> 핫스팟
[07:38:30] [Async Chat Thread - #28/INFO]: <HanLo> ㅂ
[07:38:33] [Async Chat Thread - #28/INFO]: <HanLo> 놀랍게도
[07:38:37] [Async Chat Thread - #28/INFO]: <HanLo> 여긴 밤되도 낚시할수있음 ㄷㄷ
[07:41:15] [Async Chat Thread - #29/INFO]: <HanLo> 천사의 고리를 껴야지 ㅋㅋ
[07:46:01] [Async Chat Thread - #30/INFO]: <HanLo> 상자에 다넣었는ㄷ
[07:53:46] [Async Chat Thread - #31/INFO]: <HanLo> 벌써다쓴겨?
[07:56:20] [Async Chat Thread - #32/INFO]: <HanLo> 그러고보니까
[07:56:23] [Async Chat Thread - #32/INFO]: <HanLo> 잔렉안걸리네
[07:58:04] [Async Chat Thread - #33/INFO]: <HanLo> 자작나무 표지판
[07:58:05] [Async Chat Thread - #33/INFO]: <HanLo> 개잘보이네'
[07:58:11] [Async Chat Thread - #33/INFO]: <HanLo> 준내칙칙한 가문비나무
[07:58:16] [Async Chat Thread - #33/INFO]: <HanLo> 바로다갈아야지
[08:04:08] [Async Chat Thread - #34/INFO]: <HanLo> 낚시나하자
[08:05:00] [Async Chat Thread - #34/INFO]: <HanLo> 컨트롤이 필요한 낚시터에 오지 않을래
[08:06:44] [Async Chat Thread - #35/INFO]: <HanLo> 낚싯대좋은거있음?
[08:07:10] [Async Chat Thread - #35/INFO]: <HanLo> 돌려써야되나
[08:07:24] [Async Chat Thread - #35/INFO]: <HanLo> 연못에있음 나
[08:07:32] [Async Chat Thread - #35/INFO]: <HanLo> 밀캐는쪽
[08:07:39] [Async Chat Thread - #35/INFO]: <HanLo> 연잎 4개 올라가있을거임
[08:08:06] [Async Chat Thread - #35/INFO]: <HanLo> ㅋㅋ
[08:08:10] [Async Chat Thread - #35/INFO]: <HanLo> 이거
[08:08:14] [Async Chat Thread - #35/INFO]: <HanLo> 수영으로만 와지더라
[08:10:27] [Async Chat Thread - #36/INFO]: <HanLo> 와!
[08:10:29] [Async Chat Thread - #36/INFO]: <HanLo> 앵무조개 껍데기
[08:12:19] [Async Chat Thread - #37/INFO]: <HanLo> 얘
[08:12:20] [Async Chat Thread - #37/INFO]: <HanLo> 예
[08:14:48] [Async Chat Thread - #38/INFO]: <HanLo> 이거
[08:14:50] [Async Chat Thread - #38/INFO]: <HanLo> 스트라이더
[08:14:53] [Async Chat Thread - #38/INFO]: <HanLo> 뒤틀린균 낚싯대로
[08:14:56] [Async Chat Thread - #38/INFO]: <HanLo> 돼지처럼 조종할수있던ㄷ
[08:15:00] [Async Chat Thread - #38/INFO]: <HanLo> 하나만들어놓을까 ㅋㅋ
[08:15:19] [Async Chat Thread - #38/INFO]: <HanLo> 호식이
[08:15:21] [Async Chat Thread - #38/INFO]: <HanLo> 앵무조개껍다구
[08:15:23] [Async Chat Thread - #38/INFO]: <HanLo> 어따둠?
[08:24:48] [Async Chat Thread - #39/INFO]: <HanLo> 퇴비통
[08:24:53] [Async Chat Thread - #39/INFO]: <HanLo> 어디어디있냐
[08:27:02] [Async Chat Thread - #40/INFO]: <HanLo> 쟤네 뭔데
[08:27:05] [Async Chat Thread - #40/INFO]: <HanLo> 양봉장에
[08:27:09] [Async Chat Thread - #40/INFO]: <HanLo> 거미랑 스켈레톤이 있냐
[08:29:46] [Async Chat Thread - #41/INFO]: <HanLo> 그냥
[08:29:47] [Async Chat Thread - #41/INFO]: <HanLo> 내옷이랑
[08:29:48] [Async Chat Thread - #41/INFO]: <HanLo> 합쳐라
[08:29:57] [Async Chat Thread - #41/INFO]: <HanLo> 수리로
[08:29:57] [Async Chat Thread - #41/INFO]: <HanLo> 합치며
[08:29:59] [Async Chat Thread - #41/INFO]: <HanLo> 안사라짐
[08:30:09] [Async Chat Thread - #41/INFO]: <HanLo> 손해가크지 ㅋㅋ
[08:30:14] [Async Chat Thread - #41/INFO]: <HanLo> 아니면 다시 그거 인챈하던지
[08:31:56] [Async Chat Thread - #42/INFO]: <HanLo> 혈화구절편
[08:59:29] [Server thread/INFO]: StoriesAzusa has made the advancement [Take Aim]
[09:45:29] [User Authenticator #6/INFO]: UUID of player whwhqjaqja is 09d98cf9-c29c-49f6-8191-fbd547b4f4a6
[09:45:29] [Server thread/INFO]: whwhqjaqja joined the game
[09:45:29] [Server thread/INFO]: whwhqjaqja[/124.51.170.100:51869] logged in with entity id 75266 at ([world]-1671.5, 69.0, 740.5)
[10:09:32] [Server thread/WARN]: Can't keep up! Is the server overloaded? Running 5005ms or 100 ticks behind
[10:10:38] [Server thread/WARN]: Can't keep up! Is the server overloaded? Running 5033ms or 100 ticks behind
[10:11:18] [Server thread/WARN]: Can't keep up! Is the server overloaded? Running 10248ms or 204 ticks behind
[10:12:03] [Server thread/WARN]: Can't keep up! Is the server overloaded? Running 5006ms or 100 ticks behind
[10:12:40] [Server thread/WARN]: Can't keep up! Is the server overloaded? Running 6166ms or 123 ticks behind
[10:13:57] [Server thread/INFO]: whwhqjaqja has made the advancement [Eye Spy]
[10:20:44] [Server thread/INFO]: RIONBIT has made the advancement [A Seedy Place]
[10:23:05] [Server thread/WARN]: Can't keep up! Is the server overloaded? Running 5002ms or 100 ticks behind
[10:23:45] [Server thread/WARN]: Can't keep up! Is the server overloaded? Running 10503ms or 210 ticks behind
[10:25:22] [Server thread/INFO]: RIONBIT has made the advancement [Ol' Betsy]
[10:26:12] [Server thread/INFO]: HanLo lost connection: Disconnected
[10:26:12] [Server thread/INFO]: HanLo left the game
[10:52:48] [Server thread/INFO]: potora43384338 has made the advancement [Eye Spy]
[10:52:50] [Server thread/INFO]: StoriesAzusa has made the advancement [Eye Spy]
[10:52:52] [Server thread/INFO]: RIONBIT has made the advancement [Eye Spy]
[10:58:18] [Server thread/WARN]: RIONBIT moved wrongly!
[11:06:56] [Server thread/WARN]: Boat (vehicle of potora43384338) moved wrongly! 0.508314101575663
[11:10:33] [Server thread/INFO]: potora43384338 has made the advancement [The End?]
[11:10:34] [Server thread/INFO]: Scanning for legacy world dragon fight...
[11:10:34] [Server thread/INFO]: Found that the dragon has not yet been killed in this world.
[11:10:35] [Server thread/INFO]: StoriesAzusa has made the advancement [The End?]
[11:10:40] [Server thread/INFO]: RIONBIT has made the advancement [The End?]
[11:10:42] [Server thread/INFO]: whwhqjaqja has made the advancement [The End?]
[11:16:44] [Server thread/INFO]: whwhqjaqja has made the advancement [Free the End]
[11:18:39] [Server thread/INFO]: potora43384338 has made the advancement [Remote Getaway]
[11:19:04] [Server thread/WARN]: potora43384338 moved too quickly! 9.309811416856576,1.024424088213685,3.912167368210021
[11:20:18] [Server thread/INFO]: whwhqjaqja has made the advancement [Remote Getaway]
[11:20:20] [Server thread/INFO]: RIONBIT has made the advancement [Remote Getaway]
[11:21:05] [Server thread/INFO]: RIONBIT was slain by Enderman
[11:29:40] [Server thread/INFO]: RIONBIT fell out of the world
[11:30:27] [Server thread/INFO]: RIONBIT lost connection: Disconnected
[11:30:27] [Server thread/INFO]: RIONBIT left the game
[11:32:22] [Server thread/INFO]: StoriesAzusa was slain by Enderman
[11:32:48] [Async Chat Thread - #43/INFO]: <potora43384338> 11.59.2134
[11:33:38] [Server thread/INFO]: potora43384338 has made the advancement [The City at the End of the Game]
[11:38:28] [User Authenticator #7/INFO]: UUID of player HanLo is 75cb6361-3a8b-4ad5-b340-db66b7bc7c16
[11:38:28] [Server thread/INFO]: HanLo joined the game
[11:38:28] [Server thread/INFO]: HanLo[/221.152.162.247:63500] logged in with entity id 115283 at ([world]-1669.4449626169298, 69.0, 748.9907578893559)
[11:41:00] [Server thread/INFO]: whwhqjaqja has made the advancement [The City at the End of the Game]
[12:32:44] [Server thread/WARN]: HanLo was kicked due to keepalive timeout!
[12:32:44] [Server thread/INFO]: HanLo lost connection: Timed out
[12:32:44] [Server thread/INFO]: HanLo left the game
[12:33:02] [User Authenticator #8/INFO]: UUID of player HanLo is 75cb6361-3a8b-4ad5-b340-db66b7bc7c16
[12:33:02] [Server thread/INFO]: HanLo joined the game
[12:33:02] [Server thread/INFO]: HanLo[/221.152.162.247:55878] logged in with entity id 134983 at ([world]-1687.699999988079, 68.5, 759.7072627745697)
[12:38:38] [Server thread/WARN]: HanLo was kicked due to keepalive timeout!
[12:38:38] [Server thread/INFO]: HanLo lost connection: Timed out
[12:38:38] [Server thread/INFO]: HanLo left the game
[12:38:52] [User Authenticator #9/INFO]: UUID of player HanLo is 75cb6361-3a8b-4ad5-b340-db66b7bc7c16
[12:38:52] [Server thread/INFO]: HanLo joined the game
[12:38:53] [Server thread/INFO]: HanLo[/221.152.162.247:56069] logged in with entity id 137769 at ([world]-1671.449341111186, 69.875, 744.2463873532528)
[12:54:42] [Server thread/INFO]: HanLo lost connection: Disconnected
[12:54:42] [Server thread/INFO]: HanLo left the game
[12:59:26] [Server thread/WARN]: Can't keep up! Is the server overloaded? Running 5042ms or 100 ticks behind
[13:00:09] [Server thread/WARN]: Can't keep up! Is the server overloaded? Running 13005ms or 260 ticks behind
[13:02:07] [Server thread/WARN]: Can't keep up! Is the server overloaded? Running 5048ms or 100 ticks behind
[13:03:14] [Server thread/WARN]: Can't keep up! Is the server overloaded? Running 5002ms or 100 ticks behind
[13:04:37] [Server thread/WARN]: Can't keep up! Is the server overloaded? Running 5028ms or 100 ticks behind
[13:05:14] [Server thread/WARN]: Can't keep up! Is the server overloaded? Running 5003ms or 100 ticks behind
